<?xml version="1.0" encoding="UTF-8"?>
<testsuite name="com.vicheGallery.post.application.PostServiceTest" tests="3" skipped="0" failures="0" errors="0" timestamp="2022-11-16T16:32:34" hostname="minhoui-MacBookPro.local" time="0.518">
  <properties/>
  <testcase name="없는 글 조회시 예외 발생" classname="com.vicheGallery.post.application.PostServiceTest" time="0.414"/>
  <testcase name="글 작성" classname="com.vicheGallery.post.application.PostServiceTest" time="0.068"/>
  <testcase name="포스트 글을 조회한다" classname="com.vicheGallery.post.application.PostServiceTest" time="0.027"/>
  <system-out><![CDATA[2022-11-17 01:32:34.543  INFO 43275 --- [    Test worker] .b.t.c.SpringBootTestContextBootstrapper : Neither @ContextConfiguration nor @ContextHierarchy found for test class [com.vicheGallery.post.application.PostServiceTest], using SpringBootContextLoader
2022-11-17 01:32:34.550  INFO 43275 --- [    Test worker] o.s.t.c.support.AbstractContextLoader    : Could not detect default resource locations for test class [com.vicheGallery.post.application.PostServiceTest]: no resource found for suffixes {-context.xml, Context.groovy}.
2022-11-17 01:32:34.551  INFO 43275 --- [    Test worker] t.c.s.AnnotationConfigContextLoaderUtils : Could not detect default configuration classes for test class [com.vicheGallery.post.application.PostServiceTest]: PostServiceTest does not declare any static, non-private, non-final, nested classes annotated with @Configuration.
2022-11-17 01:32:34.580  INFO 43275 --- [    Test worker] .b.t.c.SpringBootTestContextBootstrapper : Found @SpringBootConfiguration com.vicheGallery.VicheGalleryApplication for test class com.vicheGallery.post.application.PostServiceTest
2022-11-17 01:32:34.586  INFO 43275 --- [    Test worker] .b.t.c.SpringBootTestContextBootstrapper : Loaded default TestExecutionListener class names from location [META-INF/spring.factories]: [org.springframework.boot.test.autoconfigure.restdocs.RestDocsTestExecutionListener, org.springframework.boot.test.autoconfigure.web.client.MockRestServiceServerResetTestExecutionListener, org.springframework.boot.test.autoconfigure.web.servlet.MockMvcPrintOnlyOnFailureTestExecutionListener, org.springframework.boot.test.autoconfigure.web.servlet.WebDriverTestExecutionListener, org.springframework.boot.test.autoconfigure.webservices.client.MockWebServiceServerTestExecutionListener, org.springframework.boot.test.mock.mockito.MockitoTestExecutionListener, org.springframework.boot.test.mock.mockito.ResetMocksTestExecutionListener, org.springframework.test.context.web.ServletTestExecutionListener, org.springframework.test.context.support.DirtiesContextBeforeModesTestExecutionListener, org.springframework.test.context.event.ApplicationEventsTestExecutionListener, org.springframework.test.context.support.DependencyInjectionTestExecutionListener, org.springframework.test.context.support.DirtiesContextTestExecutionListener, org.springframework.test.context.transaction.TransactionalTestExecutionListener, org.springframework.test.context.jdbc.SqlScriptsTestExecutionListener, org.springframework.test.context.event.EventPublishingTestExecutionListener]
2022-11-17 01:32:34.586  INFO 43275 --- [    Test worker] .b.t.c.SpringBootTestContextBootstrapper : Using TestExecutionListeners: [org.springframework.test.context.web.ServletTestExecutionListener@6809a461, org.springframework.test.context.support.DirtiesContextBeforeModesTestExecutionListener@21440e36, org.springframework.test.context.event.ApplicationEventsTestExecutionListener@9b87a98, org.springframework.boot.test.mock.mockito.MockitoTestExecutionListener@75b598a5, org.springframework.boot.test.autoconfigure.SpringBootDependencyInjectionTestExecutionListener@50ba10de, org.springframework.test.context.support.DirtiesContextTestExecutionListener@518e9141, org.springframework.test.context.transaction.TransactionalTestExecutionListener@1ba84d52, org.springframework.test.context.jdbc.SqlScriptsTestExecutionListener@42018e32, org.springframework.test.context.event.EventPublishingTestExecutionListener@42bd4a4c, org.springframework.boot.test.autoconfigure.restdocs.RestDocsTestExecutionListener@679cdfc3, org.springframework.boot.test.autoconfigure.web.client.MockRestServiceServerResetTestExecutionListener@3e07ccbf, org.springframework.boot.test.autoconfigure.web.servlet.MockMvcPrintOnlyOnFailureTestExecutionListener@70b9a553, org.springframework.boot.test.autoconfigure.web.servlet.WebDriverTestExecutionListener@58fe7e22, org.springframework.boot.test.autoconfigure.webservices.client.MockWebServiceServerTestExecutionListener@591dd039, org.springframework.boot.test.mock.mockito.ResetMocksTestExecutionListener@597f9d91]
2022-11-17 01:32:34.615  INFO 43275 --- [    Test worker] o.s.t.c.transaction.TransactionContext   : Began transaction (1) for test context [DefaultTestContext@1419f703 testClass = PostServiceTest, testInstance = com.vicheGallery.post.application.PostServiceTest@268215b3, testMethod = readErrorTest@PostServiceTest, testException = [null], mergedContextConfiguration = [WebMergedContextConfiguration@4e31229f testClass = PostServiceTest, locations = '{}', classes = '{class com.vicheGallery.VicheGalleryApplication}', contextInitializerClasses = '[]', activeProfiles = '{}', propertySourceLocations = '{}', propertySourceProperties = '{org.springframework.boot.test.context.SpringBootTestContextBootstrapper=true}', contextCustomizers = set[org.springframework.boot.test.autoconfigure.actuate.metrics.MetricsExportContextCustomizerFactory$DisableMetricExportContextCustomizer@64dafeed, org.springframework.boot.test.autoconfigure.properties.PropertyMappingContextCustomizer@0, org.springframework.boot.test.autoconfigure.web.servlet.WebDriverContextCustomizerFactory$Customizer@5b057c8c, org.springframework.boot.test.context.filter.ExcludeFilterContextCustomizer@5b7ea70d, org.springframework.boot.test.json.DuplicateJsonObjectContextCustomizerFactory$DuplicateJsonObjectContextCustomizer@4f2c9ba6, org.springframework.boot.test.mock.mockito.MockitoContextCustomizer@0, org.springframework.boot.test.web.client.TestRestTemplateContextCustomizer@2783717b, org.springframework.boot.test.context.SpringBootTestArgs@1, org.springframework.boot.test.context.SpringBootTestWebEnvironment@72d6b3ba], resourceBasePath = 'src/main/webapp', contextLoader = 'org.springframework.boot.test.context.SpringBootContextLoader', parent = [null]], attributes = map['org.springframework.test.context.web.ServletTestExecutionListener.activateListener' -> true, 'org.springframework.test.context.web.ServletTestExecutionListener.populatedRequestContextHolder' -> true, 'org.springframework.test.context.web.ServletTestExecutionListener.resetRequestContextHolder' -> true, 'org.springframework.test.context.event.ApplicationEventsTestExecutionListener.recordApplicationEvents' -> false]]; transaction manager [org.springframework.orm.jpa.JpaTransactionManager@44ec6637]; rollback [true]
Hibernate: 
    select
        post0_.id as id1_2_,
        post0_.created_date as created_2_2_,
        post0_.modified_date as modified3_2_,
        post0_.content as content4_2_,
        post0_.title as title5_2_ 
    from
        post post0_
Hibernate: 
    select
        attachment0_.post_id as post_id5_3_0_,
        attachment0_.id as id1_3_0_,
        attachment0_.id as id1_3_1_,
        attachment0_.created_date as created_2_3_1_,
        attachment0_.modified_date as modified3_3_1_,
        attachment0_.post_id as post_id5_3_1_,
        attachment0_.stored_name as stored_n4_3_1_ 
    from
        post_attachment attachment0_ 
    where
        attachment0_.post_id=?
Hibernate: 
    select
        attachment0_.post_id as post_id5_3_0_,
        attachment0_.id as id1_3_0_,
        attachment0_.id as id1_3_1_,
        attachment0_.created_date as created_2_3_1_,
        attachment0_.modified_date as modified3_3_1_,
        attachment0_.post_id as post_id5_3_1_,
        attachment0_.stored_name as stored_n4_3_1_ 
    from
        post_attachment attachment0_ 
    where
        attachment0_.post_id=?
Hibernate: 
    select
        post0_.id as id1_2_0_,
        post0_.created_date as created_2_2_0_,
        post0_.modified_date as modified3_2_0_,
        post0_.content as content4_2_0_,
        post0_.title as title5_2_0_ 
    from
        post post0_ 
    where
        post0_.id=?
2022-11-17 01:32:35.010  INFO 43275 --- [    Test worker] o.s.t.c.transaction.TransactionContext   : Rolled back transaction for test: [DefaultTestContext@1419f703 testClass = PostServiceTest, testInstance = com.vicheGallery.post.application.PostServiceTest@268215b3, testMethod = readErrorTest@PostServiceTest, testException = [null], mergedContextConfiguration = [WebMergedContextConfiguration@4e31229f testClass = PostServiceTest, locations = '{}', classes = '{class com.vicheGallery.VicheGalleryApplication}', contextInitializerClasses = '[]', activeProfiles = '{}', propertySourceLocations = '{}', propertySourceProperties = '{org.springframework.boot.test.context.SpringBootTestContextBootstrapper=true}', contextCustomizers = set[org.springframework.boot.test.autoconfigure.actuate.metrics.MetricsExportContextCustomizerFactory$DisableMetricExportContextCustomizer@64dafeed, org.springframework.boot.test.autoconfigure.properties.PropertyMappingContextCustomizer@0, org.springframework.boot.test.autoconfigure.web.servlet.WebDriverContextCustomizerFactory$Customizer@5b057c8c, org.springframework.boot.test.context.filter.ExcludeFilterContextCustomizer@5b7ea70d, org.springframework.boot.test.json.DuplicateJsonObjectContextCustomizerFactory$DuplicateJsonObjectContextCustomizer@4f2c9ba6, org.springframework.boot.test.mock.mockito.MockitoContextCustomizer@0, org.springframework.boot.test.web.client.TestRestTemplateContextCustomizer@2783717b, org.springframework.boot.test.context.SpringBootTestArgs@1, org.springframework.boot.test.context.SpringBootTestWebEnvironment@72d6b3ba], resourceBasePath = 'src/main/webapp', contextLoader = 'org.springframework.boot.test.context.SpringBootContextLoader', parent = [null]], attributes = map['org.springframework.test.context.web.ServletTestExecutionListener.activateListener' -> true, 'org.springframework.test.context.web.ServletTestExecutionListener.populatedRequestContextHolder' -> true, 'org.springframework.test.context.web.ServletTestExecutionListener.resetRequestContextHolder' -> true, 'org.springframework.test.context.event.ApplicationEventsTestExecutionListener.recordApplicationEvents' -> false]]
2022-11-17 01:32:35.022  INFO 43275 --- [    Test worker] o.s.t.c.transaction.TransactionContext   : Began transaction (1) for test context [DefaultTestContext@1419f703 testClass = PostServiceTest, testInstance = com.vicheGallery.post.application.PostServiceTest@6a2d0632, testMethod = writeTest@PostServiceTest, testException = [null], mergedContextConfiguration = [WebMergedContextConfiguration@4e31229f testClass = PostServiceTest, locations = '{}', classes = '{class com.vicheGallery.VicheGalleryApplication}', contextInitializerClasses = '[]', activeProfiles = '{}', propertySourceLocations = '{}', propertySourceProperties = '{org.springframework.boot.test.context.SpringBootTestContextBootstrapper=true}', contextCustomizers = set[org.springframework.boot.test.autoconfigure.actuate.metrics.MetricsExportContextCustomizerFactory$DisableMetricExportContextCustomizer@64dafeed, org.springframework.boot.test.autoconfigure.properties.PropertyMappingContextCustomizer@0, org.springframework.boot.test.autoconfigure.web.servlet.WebDriverContextCustomizerFactory$Customizer@5b057c8c, org.springframework.boot.test.context.filter.ExcludeFilterContextCustomizer@5b7ea70d, org.springframework.boot.test.json.DuplicateJsonObjectContextCustomizerFactory$DuplicateJsonObjectContextCustomizer@4f2c9ba6, org.springframework.boot.test.mock.mockito.MockitoContextCustomizer@0, org.springframework.boot.test.web.client.TestRestTemplateContextCustomizer@2783717b, org.springframework.boot.test.context.SpringBootTestArgs@1, org.springframework.boot.test.context.SpringBootTestWebEnvironment@72d6b3ba], resourceBasePath = 'src/main/webapp', contextLoader = 'org.springframework.boot.test.context.SpringBootContextLoader', parent = [null]], attributes = map['org.springframework.test.context.web.ServletTestExecutionListener.activateListener' -> true, 'org.springframework.test.context.web.ServletTestExecutionListener.populatedRequestContextHolder' -> true, 'org.springframework.test.context.web.ServletTestExecutionListener.resetRequestContextHolder' -> true, 'org.springframework.test.context.event.ApplicationEventsTestExecutionListener.recordApplicationEvents' -> false]]; transaction manager [org.springframework.orm.jpa.JpaTransactionManager@44ec6637]; rollback [true]
Hibernate: 
    select
        post0_.id as id1_2_,
        post0_.created_date as created_2_2_,
        post0_.modified_date as modified3_2_,
        post0_.content as content4_2_,
        post0_.title as title5_2_ 
    from
        post post0_
Hibernate: 
    select
        attachment0_.post_id as post_id5_3_0_,
        attachment0_.id as id1_3_0_,
        attachment0_.id as id1_3_1_,
        attachment0_.created_date as created_2_3_1_,
        attachment0_.modified_date as modified3_3_1_,
        attachment0_.post_id as post_id5_3_1_,
        attachment0_.stored_name as stored_n4_3_1_ 
    from
        post_attachment attachment0_ 
    where
        attachment0_.post_id=?
Hibernate: 
    select
        attachment0_.post_id as post_id5_3_0_,
        attachment0_.id as id1_3_0_,
        attachment0_.id as id1_3_1_,
        attachment0_.created_date as created_2_3_1_,
        attachment0_.modified_date as modified3_3_1_,
        attachment0_.post_id as post_id5_3_1_,
        attachment0_.stored_name as stored_n4_3_1_ 
    from
        post_attachment attachment0_ 
    where
        attachment0_.post_id=?
Hibernate: 
    insert 
    into
        post
        (created_date, modified_date, content, title) 
    values
        (?, ?, ?, ?)
2022-11-17 01:32:35.085  INFO 43275 --- [    Test worker] o.s.t.c.transaction.TransactionContext   : Rolled back transaction for test: [DefaultTestContext@1419f703 testClass = PostServiceTest, testInstance = com.vicheGallery.post.application.PostServiceTest@6a2d0632, testMethod = writeTest@PostServiceTest, testException = [null], mergedContextConfiguration = [WebMergedContextConfiguration@4e31229f testClass = PostServiceTest, locations = '{}', classes = '{class com.vicheGallery.VicheGalleryApplication}', contextInitializerClasses = '[]', activeProfiles = '{}', propertySourceLocations = '{}', propertySourceProperties = '{org.springframework.boot.test.context.SpringBootTestContextBootstrapper=true}', contextCustomizers = set[org.springframework.boot.test.autoconfigure.actuate.metrics.MetricsExportContextCustomizerFactory$DisableMetricExportContextCustomizer@64dafeed, org.springframework.boot.test.autoconfigure.properties.PropertyMappingContextCustomizer@0, org.springframework.boot.test.autoconfigure.web.servlet.WebDriverContextCustomizerFactory$Customizer@5b057c8c, org.springframework.boot.test.context.filter.ExcludeFilterContextCustomizer@5b7ea70d, org.springframework.boot.test.json.DuplicateJsonObjectContextCustomizerFactory$DuplicateJsonObjectContextCustomizer@4f2c9ba6, org.springframework.boot.test.mock.mockito.MockitoContextCustomizer@0, org.springframework.boot.test.web.client.TestRestTemplateContextCustomizer@2783717b, org.springframework.boot.test.context.SpringBootTestArgs@1, org.springframework.boot.test.context.SpringBootTestWebEnvironment@72d6b3ba], resourceBasePath = 'src/main/webapp', contextLoader = 'org.springframework.boot.test.context.SpringBootContextLoader', parent = [null]], attributes = map['org.springframework.test.context.web.ServletTestExecutionListener.activateListener' -> true, 'org.springframework.test.context.web.ServletTestExecutionListener.populatedRequestContextHolder' -> true, 'org.springframework.test.context.web.ServletTestExecutionListener.resetRequestContextHolder' -> true, 'org.springframework.test.context.event.ApplicationEventsTestExecutionListener.recordApplicationEvents' -> false]]
2022-11-17 01:32:35.091  INFO 43275 --- [    Test worker] o.s.t.c.transaction.TransactionContext   : Began transaction (1) for test context [DefaultTestContext@1419f703 testClass = PostServiceTest, testInstance = com.vicheGallery.post.application.PostServiceTest@930b6f9, testMethod = readTest@PostServiceTest, testException = [null], mergedContextConfiguration = [WebMergedContextConfiguration@4e31229f testClass = PostServiceTest, locations = '{}', classes = '{class com.vicheGallery.VicheGalleryApplication}', contextInitializerClasses = '[]', activeProfiles = '{}', propertySourceLocations = '{}', propertySourceProperties = '{org.springframework.boot.test.context.SpringBootTestContextBootstrapper=true}', contextCustomizers = set[org.springframework.boot.test.autoconfigure.actuate.metrics.MetricsExportContextCustomizerFactory$DisableMetricExportContextCustomizer@64dafeed, org.springframework.boot.test.autoconfigure.properties.PropertyMappingContextCustomizer@0, org.springframework.boot.test.autoconfigure.web.servlet.WebDriverContextCustomizerFactory$Customizer@5b057c8c, org.springframework.boot.test.context.filter.ExcludeFilterContextCustomizer@5b7ea70d, org.springframework.boot.test.json.DuplicateJsonObjectContextCustomizerFactory$DuplicateJsonObjectContextCustomizer@4f2c9ba6, org.springframework.boot.test.mock.mockito.MockitoContextCustomizer@0, org.springframework.boot.test.web.client.TestRestTemplateContextCustomizer@2783717b, org.springframework.boot.test.context.SpringBootTestArgs@1, org.springframework.boot.test.context.SpringBootTestWebEnvironment@72d6b3ba], resourceBasePath = 'src/main/webapp', contextLoader = 'org.springframework.boot.test.context.SpringBootContextLoader', parent = [null]], attributes = map['org.springframework.test.context.web.ServletTestExecutionListener.activateListener' -> true, 'org.springframework.test.context.web.ServletTestExecutionListener.populatedRequestContextHolder' -> true, 'org.springframework.test.context.web.ServletTestExecutionListener.resetRequestContextHolder' -> true, 'org.springframework.test.context.event.ApplicationEventsTestExecutionListener.recordApplicationEvents' -> false]]; transaction manager [org.springframework.orm.jpa.JpaTransactionManager@44ec6637]; rollback [true]
Hibernate: 
    select
        post0_.id as id1_2_,
        post0_.created_date as created_2_2_,
        post0_.modified_date as modified3_2_,
        post0_.content as content4_2_,
        post0_.title as title5_2_ 
    from
        post post0_
Hibernate: 
    select
        attachment0_.post_id as post_id5_3_0_,
        attachment0_.id as id1_3_0_,
        attachment0_.id as id1_3_1_,
        attachment0_.created_date as created_2_3_1_,
        attachment0_.modified_date as modified3_3_1_,
        attachment0_.post_id as post_id5_3_1_,
        attachment0_.stored_name as stored_n4_3_1_ 
    from
        post_attachment attachment0_ 
    where
        attachment0_.post_id=?
Hibernate: 
    select
        attachment0_.post_id as post_id5_3_0_,
        attachment0_.id as id1_3_0_,
        attachment0_.id as id1_3_1_,
        attachment0_.created_date as created_2_3_1_,
        attachment0_.modified_date as modified3_3_1_,
        attachment0_.post_id as post_id5_3_1_,
        attachment0_.stored_name as stored_n4_3_1_ 
    from
        post_attachment attachment0_ 
    where
        attachment0_.post_id=?
Hibernate: 
    insert 
    into
        post
        (created_date, modified_date, content, title) 
    values
        (?, ?, ?, ?)
2022-11-17 01:32:35.116  INFO 43275 --- [    Test worker] o.s.t.c.transaction.TransactionContext   : Rolled back transaction for test: [DefaultTestContext@1419f703 testClass = PostServiceTest, testInstance = com.vicheGallery.post.application.PostServiceTest@930b6f9, testMethod = readTest@PostServiceTest, testException = [null], mergedContextConfiguration = [WebMergedContextConfiguration@4e31229f testClass = PostServiceTest, locations = '{}', classes = '{class com.vicheGallery.VicheGalleryApplication}', contextInitializerClasses = '[]', activeProfiles = '{}', propertySourceLocations = '{}', propertySourceProperties = '{org.springframework.boot.test.context.SpringBootTestContextBootstrapper=true}', contextCustomizers = set[org.springframework.boot.test.autoconfigure.actuate.metrics.MetricsExportContextCustomizerFactory$DisableMetricExportContextCustomizer@64dafeed, org.springframework.boot.test.autoconfigure.properties.PropertyMappingContextCustomizer@0, org.springframework.boot.test.autoconfigure.web.servlet.WebDriverContextCustomizerFactory$Customizer@5b057c8c, org.springframework.boot.test.context.filter.ExcludeFilterContextCustomizer@5b7ea70d, org.springframework.boot.test.json.DuplicateJsonObjectContextCustomizerFactory$DuplicateJsonObjectContextCustomizer@4f2c9ba6, org.springframework.boot.test.mock.mockito.MockitoContextCustomizer@0, org.springframework.boot.test.web.client.TestRestTemplateContextCustomizer@2783717b, org.springframework.boot.test.context.SpringBootTestArgs@1, org.springframework.boot.test.context.SpringBootTestWebEnvironment@72d6b3ba], resourceBasePath = 'src/main/webapp', contextLoader = 'org.springframework.boot.test.context.SpringBootContextLoader', parent = [null]], attributes = map['org.springframework.test.context.web.ServletTestExecutionListener.activateListener' -> true, 'org.springframework.test.context.web.ServletTestExecutionListener.populatedRequestContextHolder' -> true, 'org.springframework.test.context.web.ServletTestExecutionListener.resetRequestContextHolder' -> true, 'org.springframework.test.context.event.ApplicationEventsTestExecutionListener.recordApplicationEvents' -> false]]
]]></system-out>
  <system-err><![CDATA[]]></system-err>
</testsuite>
