<?xml version="1.0" encoding="UTF-8"?>
<testsuite name="com.vicheGallery.VicheGalleryApplicationTests" tests="1" skipped="0" failures="0" errors="0" timestamp="2022-11-16T16:32:30" hostname="minhoui-MacBookPro.local" time="0.304">
  <properties/>
  <testcase name="contextLoads()" classname="com.vicheGallery.VicheGalleryApplicationTests" time="0.304"/>
  <system-out><![CDATA[01:32:21.095 [Test worker] DEBUG org.springframework.test.context.BootstrapUtils - Instantiating CacheAwareContextLoaderDelegate from class [org.springframework.test.context.cache.DefaultCacheAwareContextLoaderDelegate]
01:32:21.110 [Test worker] DEBUG org.springframework.test.context.BootstrapUtils - Instantiating BootstrapContext using constructor [public org.springframework.test.context.support.DefaultBootstrapContext(java.lang.Class,org.springframework.test.context.CacheAwareContextLoaderDelegate)]
01:32:21.183 [Test worker] DEBUG org.springframework.test.context.BootstrapUtils - Instantiating TestContextBootstrapper for test class [com.vicheGallery.VicheGalleryApplicationTests] from class [org.springframework.boot.test.context.SpringBootTestContextBootstrapper]
01:32:21.210 [Test worker] INFO org.springframework.boot.test.context.SpringBootTestContextBootstrapper - Neither @ContextConfiguration nor @ContextHierarchy found for test class [com.vicheGallery.VicheGalleryApplicationTests], using SpringBootContextLoader
01:32:21.216 [Test worker] DEBUG org.springframework.test.context.support.AbstractContextLoader - Did not detect default resource location for test class [com.vicheGallery.VicheGalleryApplicationTests]: class path resource [com/vicheGallery/VicheGalleryApplicationTests-context.xml] does not exist
01:32:21.217 [Test worker] DEBUG org.springframework.test.context.support.AbstractContextLoader - Did not detect default resource location for test class [com.vicheGallery.VicheGalleryApplicationTests]: class path resource [com/vicheGallery/VicheGalleryApplicationTestsContext.groovy] does not exist
01:32:21.218 [Test worker] INFO org.springframework.test.context.support.AbstractContextLoader - Could not detect default resource locations for test class [com.vicheGallery.VicheGalleryApplicationTests]: no resource found for suffixes {-context.xml, Context.groovy}.
01:32:21.219 [Test worker] INFO org.springframework.test.context.support.AnnotationConfigContextLoaderUtils - Could not detect default configuration classes for test class [com.vicheGallery.VicheGalleryApplicationTests]: VicheGalleryApplicationTests does not declare any static, non-private, non-final, nested classes annotated with @Configuration.
01:32:21.311 [Test worker] DEBUG org.springframework.test.context.support.ActiveProfilesUtils - Could not find an 'annotation declaring class' for annotation type [org.springframework.test.context.ActiveProfiles] and class [com.vicheGallery.VicheGalleryApplicationTests]
01:32:21.417 [Test worker] DEBUG org.springframework.context.annotation.ClassPathScanningCandidateComponentProvider - Identified candidate component class: file [/Users/ssamzag/Documents/project/viche-gallery/build/classes/kotlin/main/com/vicheGallery/VicheGalleryApplication 3.class]
01:32:21.418 [Test worker] DEBUG org.springframework.context.annotation.ClassPathScanningCandidateComponentProvider - Identified candidate component class: file [/Users/ssamzag/Documents/project/viche-gallery/build/classes/kotlin/main/com/vicheGallery/VicheGalleryApplication.class]
01:32:21.421 [Test worker] INFO org.springframework.boot.test.context.SpringBootTestContextBootstrapper - Found @SpringBootConfiguration com.vicheGallery.VicheGalleryApplication for test class com.vicheGallery.VicheGalleryApplicationTests
01:32:21.683 [Test worker] DEBUG org.springframework.boot.test.context.SpringBootTestContextBootstrapper - @TestExecutionListeners is not present for class [com.vicheGallery.VicheGalleryApplicationTests]: using defaults.
01:32:21.684 [Test worker] INFO org.springframework.boot.test.context.SpringBootTestContextBootstrapper - Loaded default TestExecutionListener class names from location [META-INF/spring.factories]: [org.springframework.boot.test.autoconfigure.restdocs.RestDocsTestExecutionListener, org.springframework.boot.test.autoconfigure.web.client.MockRestServiceServerResetTestExecutionListener, org.springframework.boot.test.autoconfigure.web.servlet.MockMvcPrintOnlyOnFailureTestExecutionListener, org.springframework.boot.test.autoconfigure.web.servlet.WebDriverTestExecutionListener, org.springframework.boot.test.autoconfigure.webservices.client.MockWebServiceServerTestExecutionListener, org.springframework.boot.test.mock.mockito.MockitoTestExecutionListener, org.springframework.boot.test.mock.mockito.ResetMocksTestExecutionListener, org.springframework.test.context.web.ServletTestExecutionListener, org.springframework.test.context.support.DirtiesContextBeforeModesTestExecutionListener, org.springframework.test.context.event.ApplicationEventsTestExecutionListener, org.springframework.test.context.support.DependencyInjectionTestExecutionListener, org.springframework.test.context.support.DirtiesContextTestExecutionListener, org.springframework.test.context.transaction.TransactionalTestExecutionListener, org.springframework.test.context.jdbc.SqlScriptsTestExecutionListener, org.springframework.test.context.event.EventPublishingTestExecutionListener]
01:32:21.704 [Test worker] INFO org.springframework.boot.test.context.SpringBootTestContextBootstrapper - Using TestExecutionListeners: [org.springframework.test.context.web.ServletTestExecutionListener@64b31700, org.springframework.test.context.support.DirtiesContextBeforeModesTestExecutionListener@3b65e559, org.springframework.test.context.event.ApplicationEventsTestExecutionListener@bae47a0, org.springframework.boot.test.mock.mockito.MockitoTestExecutionListener@74a9c4b0, org.springframework.boot.test.autoconfigure.SpringBootDependencyInjectionTestExecutionListener@85ec632, org.springframework.test.context.support.DirtiesContextTestExecutionListener@1c05a54d, org.springframework.test.context.transaction.TransactionalTestExecutionListener@65ef722a, org.springframework.test.context.jdbc.SqlScriptsTestExecutionListener@5fd9b663, org.springframework.test.context.event.EventPublishingTestExecutionListener@214894fc, org.springframework.boot.test.autoconfigure.restdocs.RestDocsTestExecutionListener@10567255, org.springframework.boot.test.autoconfigure.web.client.MockRestServiceServerResetTestExecutionListener@e362c57, org.springframework.boot.test.autoconfigure.web.servlet.MockMvcPrintOnlyOnFailureTestExecutionListener@1c4ee95c, org.springframework.boot.test.autoconfigure.web.servlet.WebDriverTestExecutionListener@79c4715d, org.springframework.boot.test.autoconfigure.webservices.client.MockWebServiceServerTestExecutionListener@5aa360ea, org.springframework.boot.test.mock.mockito.ResetMocksTestExecutionListener@6548bb7d]
01:32:21.711 [Test worker] DEBUG org.springframework.test.context.support.AbstractDirtiesContextTestExecutionListener - Before test class: context [DefaultTestContext@17ae98d7 testClass = VicheGalleryApplicationTests, testInstance = [null], testMethod = [null], testException = [null], mergedContextConfiguration = [WebMergedContextConfiguration@59221b97 testClass = VicheGalleryApplicationTests, locations = '{}', classes = '{class com.vicheGallery.VicheGalleryApplication}', contextInitializerClasses = '[]', activeProfiles = '{}', propertySourceLocations = '{}', propertySourceProperties = '{org.springframework.boot.test.context.SpringBootTestContextBootstrapper=true}', contextCustomizers = set[org.springframework.boot.test.autoconfigure.actuate.metrics.MetricsExportContextCustomizerFactory$DisableMetricExportContextCustomizer@64dafeed, org.springframework.boot.test.autoconfigure.properties.PropertyMappingContextCustomizer@0, org.springframework.boot.test.autoconfigure.web.servlet.WebDriverContextCustomizerFactory$Customizer@5b057c8c, org.springframework.boot.test.context.filter.ExcludeFilterContextCustomizer@5b7ea70d, org.springframework.boot.test.json.DuplicateJsonObjectContextCustomizerFactory$DuplicateJsonObjectContextCustomizer@4f2c9ba6, org.springframework.boot.test.mock.mockito.MockitoContextCustomizer@0, org.springframework.boot.test.web.client.TestRestTemplateContextCustomizer@2783717b, org.springframework.boot.test.context.SpringBootTestArgs@1, org.springframework.boot.test.context.SpringBootTestWebEnvironment@72d6b3ba], resourceBasePath = 'src/main/webapp', contextLoader = 'org.springframework.boot.test.context.SpringBootContextLoader', parent = [null]], attributes = map['org.springframework.test.context.web.ServletTestExecutionListener.activateListener' -> true]], class annotated with @DirtiesContext [false] with mode [null].

  .   ____          _            __ _ _
 /\\ / ___'_ __ _ _(_)_ __  __ _ \ \ \ \
( ( )\___ | '_ | '_| | '_ \/ _` | \ \ \ \
 \\/  ___)| |_)| | | | | || (_| |  ) ) ) )
  '  |____| .__|_| |_|_| |_\__, | / / / /
 =========|_|==============|___/=/_/_/_/
 :: Spring Boot ::                (v2.7.5)

2022-11-17 01:32:22.373  INFO 43275 --- [    Test worker] c.v.VicheGalleryApplicationTests         : Starting VicheGalleryApplicationTests using Java 11.0.17 on minhoui-MacBookPro.local with PID 43275 (started by ssamzag in /Users/ssamzag/Documents/project/viche-gallery)
2022-11-17 01:32:22.375  INFO 43275 --- [    Test worker] c.v.VicheGalleryApplicationTests         : The following 1 profile is active: "local"
2022-11-17 01:32:24.199  INFO 43275 --- [    Test worker] .s.d.r.c.RepositoryConfigurationDelegate : Multiple Spring Data modules found, entering strict repository configuration mode
2022-11-17 01:32:24.202  INFO 43275 --- [    Test worker] .s.d.r.c.RepositoryConfigurationDelegate : Bootstrapping Spring Data JPA repositories in DEFAULT mode.
2022-11-17 01:32:24.491  INFO 43275 --- [    Test worker] .s.d.r.c.RepositoryConfigurationDelegate : Finished Spring Data repository scanning in 278 ms. Found 4 JPA repository interfaces.
2022-11-17 01:32:24.539  INFO 43275 --- [    Test worker] .s.d.r.c.RepositoryConfigurationDelegate : Multiple Spring Data modules found, entering strict repository configuration mode
2022-11-17 01:32:24.541  INFO 43275 --- [    Test worker] .s.d.r.c.RepositoryConfigurationDelegate : Bootstrapping Spring Data Redis repositories in DEFAULT mode.
2022-11-17 01:32:24.573  INFO 43275 --- [    Test worker] .RepositoryConfigurationExtensionSupport : Spring Data Redis - Could not safely identify store assignment for repository candidate interface com.vicheGallery.images.domain.ImageFileRepository; If you want this repository to be a Redis repository, consider annotating your entities with one of these annotations: org.springframework.data.redis.core.RedisHash (preferred), or consider extending one of the following types with your repository: org.springframework.data.keyvalue.repository.KeyValueRepository
2022-11-17 01:32:24.574  INFO 43275 --- [    Test worker] .RepositoryConfigurationExtensionSupport : Spring Data Redis - Could not safely identify store assignment for repository candidate interface com.vicheGallery.member.domain.MemberRepository; If you want this repository to be a Redis repository, consider annotating your entities with one of these annotations: org.springframework.data.redis.core.RedisHash (preferred), or consider extending one of the following types with your repository: org.springframework.data.keyvalue.repository.KeyValueRepository
2022-11-17 01:32:24.575  INFO 43275 --- [    Test worker] .RepositoryConfigurationExtensionSupport : Spring Data Redis - Could not safely identify store assignment for repository candidate interface com.vicheGallery.post.domain.PostRepository; If you want this repository to be a Redis repository, consider annotating your entities with one of these annotations: org.springframework.data.redis.core.RedisHash (preferred), or consider extending one of the following types with your repository: org.springframework.data.keyvalue.repository.KeyValueRepository
2022-11-17 01:32:24.576  INFO 43275 --- [    Test worker] .RepositoryConfigurationExtensionSupport : Spring Data Redis - Could not safely identify store assignment for repository candidate interface com.vicheGallery.work.repository.WorkRepository; If you want this repository to be a Redis repository, consider annotating your entities with one of these annotations: org.springframework.data.redis.core.RedisHash (preferred), or consider extending one of the following types with your repository: org.springframework.data.keyvalue.repository.KeyValueRepository
2022-11-17 01:32:24.576  INFO 43275 --- [    Test worker] .s.d.r.c.RepositoryConfigurationDelegate : Finished Spring Data repository scanning in 23 ms. Found 0 Redis repository interfaces.
2022-11-17 01:32:25.634  INFO 43275 --- [    Test worker] o.hibernate.jpa.internal.util.LogHelper  : HHH000204: Processing PersistenceUnitInfo [name: default]
2022-11-17 01:32:25.697  INFO 43275 --- [    Test worker] org.hibernate.Version                    : HHH000412: Hibernate ORM core version 5.6.12.Final
2022-11-17 01:32:25.922  INFO 43275 --- [    Test worker] o.hibernate.annotations.common.Version   : HCANN000001: Hibernate Commons Annotations {5.1.2.Final}
2022-11-17 01:32:26.052  INFO 43275 --- [    Test worker] com.zaxxer.hikari.HikariDataSource       : HikariPool-1 - Starting...
2022-11-17 01:32:26.384  INFO 43275 --- [    Test worker] com.zaxxer.hikari.HikariDataSource       : HikariPool-1 - Start completed.
2022-11-17 01:32:26.418  INFO 43275 --- [    Test worker] org.hibernate.dialect.Dialect            : HHH000400: Using dialect: org.hibernate.dialect.MySQL55Dialect
2022-11-17 01:32:27.312  INFO 43275 --- [    Test worker] o.h.e.t.j.p.i.JtaPlatformInitiator       : HHH000490: Using JtaPlatform implementation: [org.hibernate.engine.transaction.jta.platform.internal.NoJtaPlatform]
2022-11-17 01:32:27.322  INFO 43275 --- [    Test worker] j.LocalContainerEntityManagerFactoryBean : Initialized JPA EntityManagerFactory for persistence unit 'default'
2022-11-17 01:32:28.941  WARN 43275 --- [    Test worker] JpaBaseConfiguration$JpaWebConfiguration : spring.jpa.open-in-view is enabled by default. Therefore, database queries may be performed during view rendering. Explicitly configure spring.jpa.open-in-view to disable this warning
2022-11-17 01:32:30.666  INFO 43275 --- [    Test worker] c.v.VicheGalleryApplicationTests         : Started VicheGalleryApplicationTests in 8.898 seconds (JVM running for 11.016)
]]></system-out>
  <system-err><![CDATA[]]></system-err>
</testsuite>
